
ROM used:   795/8192 (10%)
            795/8192 (10%) including unused fragments

            0.7 Average locations per line
            6.2 Average locations per statement

RAM used:   10/368 (3%) at main() level
            26/368 (7%) worst case

Stack used: 5 worst case (5 in main + 0 for interrupts)
Stack size: 8

Lines Stmts  %   Files
----- ----- ---  -----
   46    29  22  TABLA_DEL_9_LCD.c
  671     0   0  C:\Program Files (x86)\PICC\Devices\16f877a.h
  456   100  78  C:\Program Files (x86)\PICC\Drivers\lcd.c
----- -----
 1173   129 Total

Page ROM  %  RAM   Vol Diff  Functions:
---- --- --- ---   --- ----  ----------
0     21   3    1             @delay_ms1
 Inline         3   760  4.5  lcd_read_byte
0     49   6    2   262  3.7  lcd_read_nibble
0     43   5    1   399  2.4  lcd_send_nibble
0     92  12    3   415  3.7  lcd_send_byte
0     70   9    6   852  6.2  lcd_init
0     18   2    4   208  6.3  lcd_gotoxy
0     44   6    1   354  4.7  lcd_putc
0     87  11    1   374  4.5  MAIN
0      1   0    0             @const667
0     86  11    4             @PSTRINGC7_647
0      1   0    0             @const669
0     39   5    2             @MUL88
0      8   1    0             @const673
0     89  11    5             @PSTRINGCN7_647
0     21   3    3             @DIV88
0     87  11    6             @PRINTF_D_647
0     35   4    0   265  5.0  recorrer
 Inline         0             @cinit1

Program metrics:
    Functions               9
    Statements              129
    Comments                221
    Volume (V)              6037
    Difficulty (D)          39.7
    Effort to implement (E) 239547
    Time to implement (T)   3 hours, 42 minutes
    Est Delivered Bugs (B)  1
    Cyclomatic Complexity   12
    Maintainability (MI)    143

 Segment     Used  Free
-----------  ----  ----
00000-00003     4  0  
00004-007FF   791  1253  
00800-00FFF     0  2048  
01000-017FF     0  2048  
01800-01FFF     0  2048  



